2025-05-29 11:21:37,051 - data_migrator - INFO - 正在连接数据库...
2025-05-29 11:21:37,055 - database_connector - ERROR - 连接SQLite数据库失败: unable to open database file
2025-05-29 11:21:37,056 - data_migrator - ERROR - 无法连接源数据库
2025-05-29 12:06:42,193 - data_migrator - INFO - 正在连接数据库...
2025-05-29 12:06:42,194 - database_connector - ERROR - 连接SQLite数据库失败: unable to open database file
2025-05-29 12:06:42,194 - data_migrator - ERROR - 无法连接源数据库
2025-05-29 14:13:50,150 - data_migrator - INFO - 正在连接数据库...
2025-05-29 14:13:50,151 - database_connector - ERROR - 连接SQLite数据库失败: unable to open database file
2025-05-29 14:13:50,151 - data_migrator - ERROR - 无法连接源数据库
2025-05-29 14:18:27,903 - data_migrator - INFO - 正在连接数据库...
2025-05-29 14:18:27,904 - database_connector - ERROR - 连接SQLite数据库失败: unable to open database file
2025-05-29 14:18:27,904 - data_migrator - ERROR - 无法连接源数据库
2025-05-29 14:20:24,779 - data_migrator - INFO - 正在连接数据库...
2025-05-29 14:20:24,780 - database_connector - INFO - 成功连接到SQLite数据库: D:/Programs/chatSpace/backend/database/app.db
2025-05-29 14:20:40,590 - database_connector - WARNING - pyodbc连接失败，尝试pymssql: ('08001', '[08001] [Microsoft][ODBC Driver 17 for SQL Server]TCP 提供程序: 由于目标计算机积极拒绝，无法连接。\r\n (10061) (SQLDriverConnect); [08001] [Microsoft][ODBC Driver 17 for SQL Server]登录超时已过期 (0); [08001] [Microsoft][ODBC Driver 17 for SQL Server]与 SQL Server 建立连接时发生了与网络相关的或特定于实例的错误。找不到或无法访问服务器。请检查实例名称是否正确以及 SQL Server 是否配置为允许远程连接。有关详细信息，请参阅 SQL Server 联机丛书。 (10061)')
2025-05-29 14:20:42,637 - database_connector - ERROR - 连接SQL Server数据库失败: (20009, b'DB-Lib error message 20009, severity 9:\nUnable to connect: Adaptive Server is unavailable or does not exist (localhost)\nNet-Lib error during Unknown error (10061)\nDB-Lib error message 20009, severity 9:\nUnable to connect: Adaptive Server is unavailable or does not exist (localhost)\nNet-Lib error during Unknown error (10061)\n')
2025-05-29 14:20:42,638 - data_migrator - ERROR - 无法连接目标数据库
2025-05-29 14:20:42,638 - database_connector - INFO - SQLite连接已关闭
2025-05-29 14:21:38,703 - data_migrator - INFO - 正在连接数据库...
2025-05-29 14:21:38,703 - database_connector - INFO - 成功连接到SQLite数据库: D:/Programs/chatSpace/backend/database/app.db
2025-05-29 14:21:54,503 - database_connector - WARNING - pyodbc连接失败，尝试pymssql: ('08001', '[08001] [Microsoft][ODBC Driver 17 for SQL Server]TCP 提供程序: 由于目标计算机积极拒绝，无法连接。\r\n (10061) (SQLDriverConnect); [08001] [Microsoft][ODBC Driver 17 for SQL Server]登录超时已过期 (0); [08001] [Microsoft][ODBC Driver 17 for SQL Server]与 SQL Server 建立连接时发生了与网络相关的或特定于实例的错误。找不到或无法访问服务器。请检查实例名称是否正确以及 SQL Server 是否配置为允许远程连接。有关详细信息，请参阅 SQL Server 联机丛书。 (10061)')
2025-05-29 14:21:56,600 - database_connector - ERROR - 连接SQL Server数据库失败: (20009, b'DB-Lib error message 20009, severity 9:\nUnable to connect: Adaptive Server is unavailable or does not exist (Localhost)\nNet-Lib error during Unknown error (10061)\nDB-Lib error message 20009, severity 9:\nUnable to connect: Adaptive Server is unavailable or does not exist (Localhost)\nNet-Lib error during Unknown error (10061)\n')
2025-05-29 14:21:56,601 - data_migrator - ERROR - 无法连接目标数据库
2025-05-29 14:21:56,602 - database_connector - INFO - SQLite连接已关闭
2025-05-29 14:24:17,823 - data_migrator - INFO - 正在连接数据库...
2025-05-29 14:24:17,824 - database_connector - INFO - 成功连接到SQLite数据库: D:/Programs/chatSpace/backend/database/app.db
2025-05-29 14:24:33,619 - database_connector - WARNING - pyodbc连接失败，尝试pymssql: ('08001', '[08001] [Microsoft][ODBC Driver 17 for SQL Server]TCP 提供程序: 由于目标计算机积极拒绝，无法连接。\r\n (10061) (SQLDriverConnect); [08001] [Microsoft][ODBC Driver 17 for SQL Server]登录超时已过期 (0); [08001] [Microsoft][ODBC Driver 17 for SQL Server]与 SQL Server 建立连接时发生了与网络相关的或特定于实例的错误。找不到或无法访问服务器。请检查实例名称是否正确以及 SQL Server 是否配置为允许远程连接。有关详细信息，请参阅 SQL Server 联机丛书。 (10061)')
2025-05-29 14:24:35,675 - database_connector - ERROR - 连接SQL Server数据库失败: (20009, b'DB-Lib error message 20009, severity 9:\nUnable to connect: Adaptive Server is unavailable or does not exist (Localhost)\nNet-Lib error during Unknown error (10061)\nDB-Lib error message 20009, severity 9:\nUnable to connect: Adaptive Server is unavailable or does not exist (Localhost)\nNet-Lib error during Unknown error (10061)\n')
2025-05-29 14:24:35,676 - data_migrator - ERROR - 无法连接目标数据库
2025-05-29 14:24:35,676 - database_connector - INFO - SQLite连接已关闭
2025-05-29 14:25:11,913 - data_migrator - INFO - 正在连接数据库...
2025-05-29 14:25:11,914 - database_connector - INFO - 成功连接到SQLite数据库: D:/Programs/chatSpace/backend/database/app.db
2025-05-29 14:25:11,946 - database_connector - WARNING - pyodbc连接失败，尝试pymssql: ('28000', "[28000] [Microsoft][ODBC Driver 17 for SQL Server][SQL Server]用户 'sa' 登录失败。 (18456) (SQLDriverConnect); [28000] [Microsoft][ODBC Driver 17 for SQL Server][SQL Server]用户 'sa' 登录失败。 (18456)")
2025-05-29 14:25:12,025 - database_connector - ERROR - 连接SQL Server数据库失败: (18456, b"\xe7\x94\xa8\xe6\x88\xb7 'sa' \xe7\x99\xbb\xe5\xbd\x95\xe5\xa4\xb1\xe8\xb4\xa5\xe3\x80\x82DB-Lib error message 20018, severity 14:\nGeneral SQL Server error: Check messages from the SQL Server\nDB-Lib error message 20002, severity 9:\nAdaptive Server connection failed (Localhost)\nDB-Lib error message 20002, severity 9:\nAdaptive Server connection failed (Localhost)\n")
2025-05-29 14:25:12,025 - data_migrator - ERROR - 无法连接目标数据库
2025-05-29 14:25:12,026 - database_connector - INFO - SQLite连接已关闭
2025-05-29 14:26:01,913 - data_migrator - INFO - 正在连接数据库...
2025-05-29 14:26:01,914 - database_connector - INFO - 成功连接到SQLite数据库: D:/Programs/chatSpace/backend/database/app.db
2025-05-29 14:26:01,947 - database_connector - WARNING - pyodbc连接失败，尝试pymssql: ('28000', "[28000] [Microsoft][ODBC Driver 17 for SQL Server][SQL Server]用户 'sa' 登录失败。 (18456) (SQLDriverConnect); [28000] [Microsoft][ODBC Driver 17 for SQL Server][SQL Server]用户 'sa' 登录失败。 (18456)")
2025-05-29 14:26:01,986 - database_connector - ERROR - 连接SQL Server数据库失败: (18456, b"\xe7\x94\xa8\xe6\x88\xb7 'sa' \xe7\x99\xbb\xe5\xbd\x95\xe5\xa4\xb1\xe8\xb4\xa5\xe3\x80\x82DB-Lib error message 20018, severity 14:\nGeneral SQL Server error: Check messages from the SQL Server\nDB-Lib error message 20002, severity 9:\nAdaptive Server connection failed (Localhost)\nDB-Lib error message 20002, severity 9:\nAdaptive Server connection failed (Localhost)\n")
2025-05-29 14:26:01,987 - data_migrator - ERROR - 无法连接目标数据库
2025-05-29 14:26:01,987 - database_connector - INFO - SQLite连接已关闭
2025-05-29 14:26:19,330 - data_migrator - INFO - 正在连接数据库...
2025-05-29 14:26:19,330 - database_connector - INFO - 成功连接到SQLite数据库: D:/Programs/chatSpace/backend/database/app.db
2025-05-29 14:26:19,362 - database_connector - WARNING - pyodbc连接失败，尝试pymssql: ('28000', "[28000] [Microsoft][ODBC Driver 17 for SQL Server][SQL Server]用户 'sa' 登录失败。 (18456) (SQLDriverConnect); [28000] [Microsoft][ODBC Driver 17 for SQL Server][SQL Server]用户 'sa' 登录失败。 (18456)")
2025-05-29 14:26:19,401 - database_connector - ERROR - 连接SQL Server数据库失败: (18456, b"\xe7\x94\xa8\xe6\x88\xb7 'sa' \xe7\x99\xbb\xe5\xbd\x95\xe5\xa4\xb1\xe8\xb4\xa5\xe3\x80\x82DB-Lib error message 20018, severity 14:\nGeneral SQL Server error: Check messages from the SQL Server\nDB-Lib error message 20002, severity 9:\nAdaptive Server connection failed (Localhost)\nDB-Lib error message 20002, severity 9:\nAdaptive Server connection failed (Localhost)\n")
2025-05-29 14:26:19,401 - data_migrator - ERROR - 无法连接目标数据库
2025-05-29 14:26:19,402 - database_connector - INFO - SQLite连接已关闭
2025-05-29 14:28:34,629 - data_migrator - INFO - 正在连接数据库...
2025-05-29 14:28:34,630 - database_connector - INFO - 成功连接到SQLite数据库: D:/Programs/chatSpace/backend/database/app.db
2025-05-29 14:28:34,668 - database_connector - WARNING - pyodbc连接失败，尝试pymssql: ('28000', "[28000] [Microsoft][ODBC Driver 17 for SQL Server][SQL Server]用户 'zhuo' 登录失败。 (18456) (SQLDriverConnect); [28000] [Microsoft][ODBC Driver 17 for SQL Server][SQL Server]用户 'zhuo' 登录失败。 (18456)")
2025-05-29 14:28:34,711 - database_connector - ERROR - 连接SQL Server数据库失败: (18456, b"\xe7\x94\xa8\xe6\x88\xb7 'zhuo' \xe7\x99\xbb\xe5\xbd\x95\xe5\xa4\xb1\xe8\xb4\xa5\xe3\x80\x82DB-Lib error message 20018, severity 14:\nGeneral SQL Server error: Check messages from the SQL Server\nDB-Lib error message 20002, severity 9:\nAdaptive Server connection failed (Localhost)\nDB-Lib error message 20002, severity 9:\nAdaptive Server connection failed (Localhost)\n")
2025-05-29 14:28:34,712 - data_migrator - ERROR - 无法连接目标数据库
2025-05-29 14:28:34,712 - database_connector - INFO - SQLite连接已关闭
2025-05-29 14:31:56,085 - data_migrator - INFO - 正在连接数据库...
2025-05-29 14:31:56,085 - database_connector - INFO - 成功连接到SQLite数据库: D:/Programs/chatSpace/backend/database/app.db
2025-05-29 14:31:56,119 - database_connector - WARNING - pyodbc连接失败，尝试pymssql: ('28000', "[28000] [Microsoft][ODBC Driver 17 for SQL Server][SQL Server]用户 'zhuo' 登录失败。 (18456) (SQLDriverConnect); [28000] [Microsoft][ODBC Driver 17 for SQL Server][SQL Server]用户 'zhuo' 登录失败。 (18456)")
2025-05-29 14:31:56,159 - database_connector - ERROR - 连接SQL Server数据库失败: (18456, b"\xe7\x94\xa8\xe6\x88\xb7 'zhuo' \xe7\x99\xbb\xe5\xbd\x95\xe5\xa4\xb1\xe8\xb4\xa5\xe3\x80\x82DB-Lib error message 20018, severity 14:\nGeneral SQL Server error: Check messages from the SQL Server\nDB-Lib error message 20002, severity 9:\nAdaptive Server connection failed (Localhost)\nDB-Lib error message 20002, severity 9:\nAdaptive Server connection failed (Localhost)\n")
2025-05-29 14:31:56,160 - data_migrator - ERROR - 无法连接目标数据库
2025-05-29 14:31:56,160 - database_connector - INFO - SQLite连接已关闭
2025-05-29 15:01:32,753 - data_migrator - INFO - 正在连接数据库...
2025-05-29 15:01:32,753 - database_connector - INFO - 成功连接到SQLite数据库: D:/Programs/chatSpace/backend/database/app.db
2025-05-29 15:01:32,788 - database_connector - WARNING - pyodbc连接失败，尝试pymssql: ('28000', "[28000] [Microsoft][ODBC Driver 17 for SQL Server][SQL Server]用户 'zhuo' 登录失败。 (18456) (SQLDriverConnect); [28000] [Microsoft][ODBC Driver 17 for SQL Server][SQL Server]用户 'zhuo' 登录失败。 (18456)")
2025-05-29 15:01:32,832 - database_connector - ERROR - 连接SQL Server数据库失败: (18456, b"\xe7\x94\xa8\xe6\x88\xb7 'zhuo' \xe7\x99\xbb\xe5\xbd\x95\xe5\xa4\xb1\xe8\xb4\xa5\xe3\x80\x82DB-Lib error message 20018, severity 14:\nGeneral SQL Server error: Check messages from the SQL Server\nDB-Lib error message 20002, severity 9:\nAdaptive Server connection failed (Localhost)\nDB-Lib error message 20002, severity 9:\nAdaptive Server connection failed (Localhost)\n")
2025-05-29 15:01:32,833 - data_migrator - ERROR - 无法连接目标数据库
2025-05-29 15:01:32,834 - database_connector - INFO - SQLite连接已关闭
2025-05-29 15:10:45,935 - database_connector - INFO - 成功连接到SQLite数据库: D:/Programs/chatSpace/backend/database/app.db
2025-05-29 15:10:45,938 - database_connector - INFO - SQLite连接已关闭
2025-05-29 15:10:58,122 - database_connector - INFO - 成功连接到SQLite数据库: D:/Programs/chatSpace/backend/database/app.db
2025-05-29 15:10:58,128 - database_connector - INFO - SQLite连接已关闭
2025-05-29 15:11:22,785 - data_migrator - INFO - 正在连接数据库...
2025-05-29 15:11:22,786 - database_connector - INFO - 成功连接到SQLite数据库: D:/Programs/chatSpace/backend/database/app.db
2025-05-29 15:11:22,786 - database_connector - INFO - 使用用户名密码认证连接SQL Server
2025-05-29 15:11:22,823 - database_connector - INFO - 成功使用pyodbc连接到SQL Server: Localhost
2025-05-29 15:11:22,824 - data_migrator - INFO - 数据库连接成功
2025-05-29 15:11:22,825 - data_migrator - INFO - 将迁移以下表: ['organizations', 'topics', 'contacts', 'sessions', 'chats', 'messages', 'surveys']
2025-05-29 15:11:22,826 - database_connector - INFO - SQLite连接已关闭
2025-05-29 15:11:22,827 - database_connector - INFO - SQL Server连接已关闭
2025-05-29 15:11:22,828 - data_migrator - INFO - 已断开所有数据库连接
2025-05-29 15:14:57,257 - data_migrator - INFO - 正在连接数据库...
2025-05-29 15:14:57,257 - database_connector - INFO - 成功连接到SQLite数据库: D:/Programs/chatSpace/backend/database/app.db
2025-05-29 15:14:57,310 - database_connector - INFO - 成功使用pyodbc连接到SQL Server: Localhost
2025-05-29 15:14:57,310 - data_migrator - INFO - 数据库连接成功
2025-05-29 15:14:57,311 - data_migrator - INFO - 将迁移以下表: ['organizations', 'topics', 'contacts', 'sessions', 'chats', 'messages', 'surveys']
2025-05-29 15:14:57,312 - database_connector - INFO - SQLite连接已关闭
2025-05-29 15:14:57,313 - database_connector - INFO - SQL Server连接已关闭
2025-05-29 15:14:57,313 - data_migrator - INFO - 已断开所有数据库连接
2025-05-29 15:15:21,639 - data_migrator - INFO - 开始数据库迁移任务
2025-05-29 15:15:21,639 - data_migrator - INFO - 正在连接数据库...
2025-05-29 15:15:21,640 - database_connector - INFO - 成功连接到SQLite数据库: D:/Programs/chatSpace/backend/database/app.db
2025-05-29 15:15:21,678 - database_connector - INFO - 成功使用pyodbc连接到SQL Server: Localhost
2025-05-29 15:15:21,678 - data_migrator - INFO - 数据库连接成功
2025-05-29 15:15:21,679 - data_migrator - INFO - 将迁移以下表: ['organizations', 'topics', 'contacts', 'sessions', 'chats', 'messages', 'surveys']
2025-05-29 15:15:21,707 - data_migrator - ERROR - 迁移表 organizations 失败: ('42000', '[42000] [Microsoft][ODBC Driver 17 for SQL Server][SQL Server]第 8 个列、参数或变量: 找不到数据类型 BOOLEAN。 (2715) (SQLExecDirectW)')
2025-05-29 15:15:21,719 - data_migrator - ERROR - 迁移表 topics 失败: ('42000', '[42000] [Microsoft][ODBC Driver 17 for SQL Server][SQL Server]第 12 个列、参数或变量: 找不到数据类型 BOOLEAN。 (2715) (SQLExecDirectW)')
2025-05-29 15:15:21,732 - data_migrator - INFO - 在目标数据库中创建表: contacts
2025-05-29 15:15:21,733 - data_migrator - INFO - 开始迁移表数据: contacts -> contacts
2025-05-29 15:15:21,933 - data_migrator - ERROR - 迁移表 contacts 时发生错误: Execution failed on sql '
        SELECT
            name
        FROM
            sqlite_master
        WHERE
            type IN ('table', 'view')
            AND name=?;
        ': ('42S02', "[42S02] [Microsoft][ODBC Driver 17 for SQL Server][SQL Server]对象名 'sqlite_master' 无效。 (208) (SQLExecDirectW); [42S02] [Microsoft][ODBC Driver 17 for SQL Server][SQL Server]无法预定义语句。 (8180)")
2025-05-29 15:15:21,934 - data_migrator - ERROR - 迁移表 contacts 失败: Execution failed on sql '
        SELECT
            name
        FROM
            sqlite_master
        WHERE
            type IN ('table', 'view')
            AND name=?;
        ': ('42S02', "[42S02] [Microsoft][ODBC Driver 17 for SQL Server][SQL Server]对象名 'sqlite_master' 无效。 (208) (SQLExecDirectW); [42S02] [Microsoft][ODBC Driver 17 for SQL Server][SQL Server]无法预定义语句。 (8180)")
2025-05-29 15:15:21,941 - data_migrator - ERROR - 迁移表 sessions 失败: ('42000', '[42000] [Microsoft][ODBC Driver 17 for SQL Server][SQL Server]第 5 个列、参数或变量: 找不到数据类型 BOOLEAN。 (2715) (SQLExecDirectW)')
2025-05-29 15:15:21,955 - data_migrator - ERROR - 迁移表 chats 失败: ('42000', '[42000] [Microsoft][ODBC Driver 17 for SQL Server][SQL Server]第 6 个列、参数或变量: 找不到数据类型 BOOLEAN。 (2715) (SQLExecDirectW)')
2025-05-29 15:15:21,962 - data_migrator - INFO - 在目标数据库中创建表: messages
2025-05-29 15:15:21,962 - data_migrator - INFO - 开始迁移表数据: messages -> messages
2025-05-29 15:15:21,965 - data_migrator - INFO - 表 messages 没有数据
2025-05-29 15:15:21,978 - data_migrator - INFO - 在目标数据库中创建表: surveys
2025-05-29 15:15:21,978 - data_migrator - INFO - 开始迁移表数据: surveys -> surveys
2025-05-29 15:15:21,980 - data_migrator - INFO - 表 surveys 没有数据
2025-05-29 15:15:21,981 - data_migrator - INFO - 数据库迁移任务完成
2025-05-29 15:15:21,982 - database_connector - INFO - SQLite连接已关闭
2025-05-29 15:15:21,982 - database_connector - INFO - SQL Server连接已关闭
2025-05-29 15:15:21,983 - data_migrator - INFO - 已断开所有数据库连接
2025-05-29 15:15:24,876 - data_migrator - INFO - 开始验证迁移结果
2025-05-29 15:15:24,877 - data_migrator - INFO - 正在连接数据库...
2025-05-29 15:15:24,877 - database_connector - INFO - 成功连接到SQLite数据库: D:/Programs/chatSpace/backend/database/app.db
2025-05-29 15:15:24,878 - database_connector - INFO - 成功使用pyodbc连接到SQL Server: Localhost
2025-05-29 15:15:24,879 - data_migrator - INFO - 数据库连接成功
2025-05-29 15:15:24,879 - data_migrator - INFO - 将迁移以下表: ['organizations', 'topics', 'contacts', 'sessions', 'chats', 'messages', 'surveys']
2025-05-29 15:15:24,885 - data_migrator - INFO - 表 contacts 验证完成: 源=3行, 目标=0行
2025-05-29 15:15:24,892 - data_migrator - INFO - 表 messages 验证完成: 源=0行, 目标=0行
2025-05-29 15:15:24,898 - data_migrator - INFO - 表 surveys 验证完成: 源=0行, 目标=0行
2025-05-29 15:15:24,898 - database_connector - INFO - SQLite连接已关闭
2025-05-29 15:15:24,899 - database_connector - INFO - SQL Server连接已关闭
2025-05-29 15:15:24,900 - data_migrator - INFO - 已断开所有数据库连接
2025-05-29 15:15:24,900 - data_migrator - INFO - 迁移验证完成，结果: 失败
2025-05-29 15:21:15,619 - data_migrator - INFO - 开始数据库迁移任务
2025-05-29 15:21:15,619 - data_migrator - INFO - 正在连接数据库...
2025-05-29 15:21:15,620 - database_connector - INFO - 成功连接到SQLite数据库: D:/Programs/chatSpace/backend/database/app.db
2025-05-29 15:21:15,652 - database_connector - INFO - 成功使用pyodbc连接到SQL Server: Localhost
2025-05-29 15:21:15,652 - data_migrator - INFO - 数据库连接成功
2025-05-29 15:21:15,653 - data_migrator - INFO - 将迁移以下表: ['organizations', 'topics', 'contacts', 'sessions', 'chats', 'messages', 'surveys']
2025-05-29 15:21:15,667 - data_migrator - INFO - 在目标数据库中创建表: organizations
2025-05-29 15:21:15,667 - data_migrator - INFO - 开始迁移表数据: organizations -> organizations
2025-05-29 15:21:15,674 - data_migrator - ERROR - 迁移表 organizations 时发生错误: ('42000', '[42000] [Microsoft][ODBC Driver 17 for SQL Server][SQL Server]字符串或二进制数据将在表“test_base.dbo.organizations”，列“orgCode”中被截断。截断值:“3”。 (2628) (SQLExecDirectW); [42000] [Microsoft][ODBC Driver 17 for SQL Server][SQL Server]语句已终止。 (3621)')
2025-05-29 15:21:15,675 - data_migrator - ERROR - 迁移表 organizations 失败: ('42000', '[42000] [Microsoft][ODBC Driver 17 for SQL Server][SQL Server]字符串或二进制数据将在表“test_base.dbo.organizations”，列“orgCode”中被截断。截断值:“3”。 (2628) (SQLExecDirectW); [42000] [Microsoft][ODBC Driver 17 for SQL Server][SQL Server]语句已终止。 (3621)')
2025-05-29 15:21:15,683 - data_migrator - INFO - 在目标数据库中创建表: topics
2025-05-29 15:21:15,683 - data_migrator - INFO - 开始迁移表数据: topics -> topics
2025-05-29 15:21:15,691 - data_migrator - ERROR - 迁移表 topics 时发生错误: ('42000', '[42000] [Microsoft][ODBC Driver 17 for SQL Server][SQL Server]字符串或二进制数据将在表“test_base.dbo.topics”，列“topicId”中被截断。截断值:“2”。 (2628) (SQLExecDirectW); [42000] [Microsoft][ODBC Driver 17 for SQL Server][SQL Server]语句已终止。 (3621)')
2025-05-29 15:21:15,692 - data_migrator - ERROR - 迁移表 topics 失败: ('42000', '[42000] [Microsoft][ODBC Driver 17 for SQL Server][SQL Server]字符串或二进制数据将在表“test_base.dbo.topics”，列“topicId”中被截断。截断值:“2”。 (2628) (SQLExecDirectW); [42000] [Microsoft][ODBC Driver 17 for SQL Server][SQL Server]语句已终止。 (3621)')
2025-05-29 15:21:15,699 - data_migrator - INFO - 在目标数据库中创建表: contacts
2025-05-29 15:21:15,699 - data_migrator - INFO - 开始迁移表数据: contacts -> contacts
2025-05-29 15:21:15,706 - data_migrator - ERROR - 迁移表 contacts 时发生错误: ('42000', '[42000] [Microsoft][ODBC Driver 17 for SQL Server][SQL Server]字符串或二进制数据将在表“test_base.dbo.contacts”，列“contactName”中被截断。截断值:“”。 (2628) (SQLExecDirectW); [42000] [Microsoft][ODBC Driver 17 for SQL Server][SQL Server]语句已终止。 (3621)')
2025-05-29 15:21:15,707 - data_migrator - ERROR - 迁移表 contacts 失败: ('42000', '[42000] [Microsoft][ODBC Driver 17 for SQL Server][SQL Server]字符串或二进制数据将在表“test_base.dbo.contacts”，列“contactName”中被截断。截断值:“”。 (2628) (SQLExecDirectW); [42000] [Microsoft][ODBC Driver 17 for SQL Server][SQL Server]语句已终止。 (3621)')
2025-05-29 15:21:15,715 - data_migrator - INFO - 在目标数据库中创建表: sessions
2025-05-29 15:21:15,715 - data_migrator - INFO - 开始迁移表数据: sessions -> sessions
2025-05-29 15:21:15,717 - data_migrator - INFO - 表 sessions 没有数据
2025-05-29 15:21:15,725 - data_migrator - INFO - 在目标数据库中创建表: chats
2025-05-29 15:21:15,725 - data_migrator - INFO - 开始迁移表数据: chats -> chats
2025-05-29 15:21:15,727 - data_migrator - INFO - 表 chats 没有数据
2025-05-29 15:21:15,734 - data_migrator - INFO - 在目标数据库中创建表: messages
2025-05-29 15:21:15,734 - data_migrator - INFO - 开始迁移表数据: messages -> messages
2025-05-29 15:21:15,736 - data_migrator - INFO - 表 messages 没有数据
2025-05-29 15:21:15,745 - data_migrator - INFO - 在目标数据库中创建表: surveys
2025-05-29 15:21:15,746 - data_migrator - INFO - 开始迁移表数据: surveys -> surveys
2025-05-29 15:21:15,748 - data_migrator - INFO - 表 surveys 没有数据
2025-05-29 15:21:15,749 - data_migrator - INFO - 数据库迁移任务完成
2025-05-29 15:21:15,749 - database_connector - INFO - SQLite连接已关闭
2025-05-29 15:21:15,750 - database_connector - INFO - SQL Server连接已关闭
2025-05-29 15:21:15,750 - data_migrator - INFO - 已断开所有数据库连接
2025-05-29 15:21:19,401 - data_migrator - INFO - 开始验证迁移结果
2025-05-29 15:21:19,401 - data_migrator - INFO - 正在连接数据库...
2025-05-29 15:21:19,402 - database_connector - INFO - 成功连接到SQLite数据库: D:/Programs/chatSpace/backend/database/app.db
2025-05-29 15:21:19,402 - database_connector - INFO - 成功使用pyodbc连接到SQL Server: Localhost
2025-05-29 15:21:19,403 - data_migrator - INFO - 数据库连接成功
2025-05-29 15:21:19,403 - data_migrator - INFO - 将迁移以下表: ['organizations', 'topics', 'contacts', 'sessions', 'chats', 'messages', 'surveys']
2025-05-29 15:21:19,681 - data_migrator - INFO - 表 organizations 验证完成: 源=2行, 目标=0行
2025-05-29 15:21:19,688 - data_migrator - INFO - 表 topics 验证完成: 源=6行, 目标=0行
2025-05-29 15:21:19,694 - data_migrator - INFO - 表 contacts 验证完成: 源=3行, 目标=0行
2025-05-29 15:21:19,700 - data_migrator - INFO - 表 sessions 验证完成: 源=0行, 目标=0行
2025-05-29 15:21:19,707 - data_migrator - INFO - 表 chats 验证完成: 源=0行, 目标=0行
2025-05-29 15:21:19,713 - data_migrator - INFO - 表 messages 验证完成: 源=0行, 目标=0行
2025-05-29 15:21:19,720 - data_migrator - INFO - 表 surveys 验证完成: 源=0行, 目标=0行
2025-05-29 15:21:19,721 - database_connector - INFO - SQLite连接已关闭
2025-05-29 15:21:19,721 - database_connector - INFO - SQL Server连接已关闭
2025-05-29 15:21:19,721 - data_migrator - INFO - 已断开所有数据库连接
2025-05-29 15:21:19,722 - data_migrator - INFO - 迁移验证完成，结果: 失败
2025-05-29 15:21:31,978 - database_connector - INFO - 成功连接到SQLite数据库: D:/Programs/chatSpace/backend/database/app.db
2025-05-29 15:21:31,981 - database_connector - INFO - SQLite连接已关闭
2025-05-29 15:21:59,194 - data_migrator - INFO - 开始数据库迁移任务
2025-05-29 15:21:59,194 - data_migrator - INFO - 正在连接数据库...
2025-05-29 15:21:59,195 - database_connector - INFO - 成功连接到SQLite数据库: D:/Programs/chatSpace/backend/database/app.db
2025-05-29 15:21:59,232 - database_connector - INFO - 成功使用pyodbc连接到SQL Server: Localhost
2025-05-29 15:21:59,233 - data_migrator - INFO - 数据库连接成功
2025-05-29 15:21:59,233 - data_migrator - INFO - 将迁移以下表: ['organizations', 'topics', 'contacts', 'sessions', 'chats', 'messages', 'surveys']
2025-05-29 15:21:59,248 - data_migrator - INFO - 在目标数据库中创建表: organizations
2025-05-29 15:21:59,249 - data_migrator - INFO - 开始迁移表数据: organizations -> organizations
2025-05-29 15:21:59,257 - data_migrator - INFO - 表 organizations 迁移完成，共迁移 2 行数据
2025-05-29 15:21:59,265 - data_migrator - INFO - 在目标数据库中创建表: topics
2025-05-29 15:21:59,265 - data_migrator - INFO - 开始迁移表数据: topics -> topics
2025-05-29 15:21:59,280 - data_migrator - INFO - 表 topics 迁移完成，共迁移 6 行数据
2025-05-29 15:21:59,288 - data_migrator - INFO - 在目标数据库中创建表: contacts
2025-05-29 15:21:59,288 - data_migrator - INFO - 开始迁移表数据: contacts -> contacts
2025-05-29 15:21:59,296 - data_migrator - INFO - 表 contacts 迁移完成，共迁移 3 行数据
2025-05-29 15:21:59,304 - data_migrator - INFO - 在目标数据库中创建表: sessions
2025-05-29 15:21:59,304 - data_migrator - INFO - 开始迁移表数据: sessions -> sessions
2025-05-29 15:21:59,306 - data_migrator - INFO - 表 sessions 没有数据
2025-05-29 15:21:59,313 - data_migrator - INFO - 在目标数据库中创建表: chats
2025-05-29 15:21:59,314 - data_migrator - INFO - 开始迁移表数据: chats -> chats
2025-05-29 15:21:59,315 - data_migrator - INFO - 表 chats 没有数据
2025-05-29 15:21:59,322 - data_migrator - INFO - 在目标数据库中创建表: messages
2025-05-29 15:21:59,323 - data_migrator - INFO - 开始迁移表数据: messages -> messages
2025-05-29 15:21:59,325 - data_migrator - INFO - 表 messages 没有数据
2025-05-29 15:21:59,333 - data_migrator - INFO - 在目标数据库中创建表: surveys
2025-05-29 15:21:59,334 - data_migrator - INFO - 开始迁移表数据: surveys -> surveys
2025-05-29 15:21:59,335 - data_migrator - INFO - 表 surveys 没有数据
2025-05-29 15:21:59,336 - data_migrator - INFO - 数据库迁移任务完成
2025-05-29 15:21:59,337 - database_connector - INFO - SQLite连接已关闭
2025-05-29 15:21:59,337 - database_connector - INFO - SQL Server连接已关闭
2025-05-29 15:21:59,338 - data_migrator - INFO - 已断开所有数据库连接
2025-05-29 15:22:02,381 - data_migrator - INFO - 开始验证迁移结果
2025-05-29 15:22:02,381 - data_migrator - INFO - 正在连接数据库...
2025-05-29 15:22:02,381 - database_connector - INFO - 成功连接到SQLite数据库: D:/Programs/chatSpace/backend/database/app.db
2025-05-29 15:22:02,382 - database_connector - INFO - 成功使用pyodbc连接到SQL Server: Localhost
2025-05-29 15:22:02,382 - data_migrator - INFO - 数据库连接成功
2025-05-29 15:22:02,383 - data_migrator - INFO - 将迁移以下表: ['organizations', 'topics', 'contacts', 'sessions', 'chats', 'messages', 'surveys']
2025-05-29 15:22:02,591 - data_migrator - INFO - 表 organizations 验证完成: 源=2行, 目标=2行
2025-05-29 15:22:02,600 - data_migrator - INFO - 表 topics 验证完成: 源=6行, 目标=6行
2025-05-29 15:22:02,606 - data_migrator - INFO - 表 contacts 验证完成: 源=3行, 目标=3行
2025-05-29 15:22:02,614 - data_migrator - INFO - 表 sessions 验证完成: 源=0行, 目标=0行
2025-05-29 15:22:02,621 - data_migrator - INFO - 表 chats 验证完成: 源=0行, 目标=0行
2025-05-29 15:22:02,628 - data_migrator - INFO - 表 messages 验证完成: 源=0行, 目标=0行
2025-05-29 15:22:02,635 - data_migrator - INFO - 表 surveys 验证完成: 源=0行, 目标=0行
2025-05-29 15:22:02,636 - database_connector - INFO - SQLite连接已关闭
2025-05-29 15:22:02,636 - database_connector - INFO - SQL Server连接已关闭
2025-05-29 15:22:02,636 - data_migrator - INFO - 已断开所有数据库连接
2025-05-29 15:22:02,637 - data_migrator - INFO - 迁移验证完成，结果: 成功
